2024-08-29T03:57:34.574Z [undefined] : Oddiy Logger
2024-08-29T03:57:34.582Z [undefined] : Error Logger
2024-08-29T03:57:34.583Z [undefined] : Debug Logger
2024-08-29T03:57:34.583Z [undefined] : Warn Logger
2024-08-29T03:57:34.583Z [undefined] : Info Logger
2024-08-29T03:58:20.602Z [undefined] : Oddiy Logger
2024-08-29T03:58:20.610Z [undefined] : Error Logger
2024-08-29T03:58:20.611Z [undefined] : Debug Logger
2024-08-29T03:58:20.611Z [undefined] : Warn Logger
2024-08-29T03:58:20.612Z [undefined] : Info Logger
2024-08-29T03:58:47.180Z [undefined] : Oddiy Logger
2024-08-29T03:58:47.187Z [undefined] : Error Logger
2024-08-29T03:58:47.188Z [undefined] : Debug Logger
2024-08-29T03:58:47.188Z [undefined] : Warn Logger
2024-08-29T03:58:47.188Z [undefined] : Info Logger
2024-08-29T03:59:02.570Z [undefined] : Oddiy Logger
2024-08-29T03:59:02.576Z [undefined] : Error Logger
2024-08-29T03:59:02.576Z [undefined] : Debug Logger
2024-08-29T03:59:02.577Z [undefined] : Warn Logger
2024-08-29T03:59:02.577Z [undefined] : Info Logger
2024-08-29T04:01:20.857Z [undefined] : Oddiy Logger
2024-08-29T04:01:20.865Z [undefined] : Error Logger
2024-08-29T04:01:20.866Z [undefined] : Debug Logger
2024-08-29T04:01:20.866Z [undefined] : Warn Logger
2024-08-29T04:01:20.867Z [undefined] : Info Logger
2024-08-29T04:07:57.068Z [undefined] : Oddiy Logger
2024-08-29T04:07:57.073Z [undefined] : Error Logger
2024-08-29T04:07:57.073Z [undefined] : Debug Logger
2024-08-29T04:07:57.074Z [undefined] : Warn Logger
2024-08-29T04:07:57.075Z [undefined] : Info Logger
2024-08-29T04:07:59.267Z [undefined] : Oddiy Logger
2024-08-29T04:07:59.274Z [undefined] : Error Logger
2024-08-29T04:07:59.274Z [undefined] : Debug Logger
2024-08-29T04:07:59.275Z [undefined] : Warn Logger
2024-08-29T04:07:59.275Z [undefined] : Info Logger
2024-08-29T04:08:47.230Z [undefined] : Oddiy Logger
2024-08-29T04:08:47.236Z [undefined] : Error Logger
2024-08-29T04:08:47.237Z [undefined] : Debug Logger
2024-08-29T04:08:47.237Z [undefined] : Warn Logger
2024-08-29T04:08:47.240Z [undefined] : Info Logger
2024-08-29T04:09:33.674Z [undefined] : Oddiy Logger
2024-08-29T04:09:33.681Z [undefined] : Error Logger
2024-08-29T04:09:33.683Z [undefined] : Debug Logger
2024-08-29T04:09:33.685Z [undefined] : Warn Logger
2024-08-29T04:09:33.686Z [undefined] : Info Logger
2024-08-29T04:10:30.833Z [undefined] : Oddiy Logger
2024-08-29T04:10:30.840Z [undefined] : Error Logger
2024-08-29T04:10:30.841Z [undefined] : Debug Logger
2024-08-29T04:10:30.843Z [undefined] : Warn Logger
2024-08-29T04:10:30.844Z [undefined] : Info Logger
2024-08-29T04:10:55.470Z [undefined] : Oddiy Logger
2024-08-29T04:10:55.479Z [undefined] : Error Logger
2024-08-29T04:10:55.479Z [undefined] : Debug Logger
2024-08-29T04:10:55.480Z [undefined] : Warn Logger
2024-08-29T04:10:55.480Z [undefined] : Info Logger
2024-08-29T04:11:13.559Z [undefined] : Oddiy Logger
2024-08-29T04:11:13.564Z [undefined] : Error Logger
2024-08-29T04:11:13.565Z [undefined] : Debug Logger
2024-08-29T04:11:13.565Z [undefined] : Warn Logger
2024-08-29T04:11:13.566Z [undefined] : Info Logger
2024-08-29T04:12:06.670Z [undefined] : Oddiy Logger
2024-08-29T04:12:06.676Z [undefined] : Error Logger
2024-08-29T04:12:06.677Z [undefined] : Debug Logger
2024-08-29T04:12:06.677Z [undefined] : Warn Logger
2024-08-29T04:12:06.677Z [undefined] : Info Logger
2024-08-29T04:14:14.054Z [undefined] : Oddiy Logger
2024-08-29T04:14:14.061Z [undefined] : Error Logger
2024-08-29T04:14:14.062Z [undefined] : Debug Logger
2024-08-29T04:14:14.063Z [undefined] : Warn Logger
2024-08-29T04:14:14.064Z [undefined] : Info Logger
2024-08-29T04:14:20.524Z [undefined] : Oddiy Logger
2024-08-29T04:14:20.534Z [undefined] : Error Logger
2024-08-29T04:14:20.535Z [undefined] : Debug Logger
2024-08-29T04:14:20.535Z [undefined] : Warn Logger
2024-08-29T04:14:20.536Z [undefined] : Info Logger
2024-08-29T04:14:32.817Z [undefined] : Oddiy Logger
2024-08-29T04:14:32.824Z [undefined] : Error Logger
2024-08-29T04:14:32.825Z [undefined] : Debug Logger
2024-08-29T04:14:32.826Z [undefined] : Warn Logger
2024-08-29T04:14:32.826Z [undefined] : Info Logger
2024-08-29T04:14:57.288Z [undefined] : Oddiy Logger
2024-08-29T04:14:57.296Z [undefined] : Error Logger
2024-08-29T04:14:57.297Z [undefined] : Debug Logger
2024-08-29T04:14:57.298Z [undefined] : Warn Logger
2024-08-29T04:14:57.298Z [undefined] : Info Logger
2024-08-29T04:15:01.932Z [undefined] : Oddiy Logger
2024-08-29T04:15:01.937Z [undefined] : Error Logger
2024-08-29T04:15:01.938Z [undefined] : Debug Logger
2024-08-29T04:15:01.939Z [undefined] : Warn Logger
2024-08-29T04:15:01.939Z [undefined] : Info Logger
2024-08-29T04:15:42.174Z [undefined] : Oddiy Logger
2024-08-29T04:15:42.182Z [undefined] : Error Logger
2024-08-29T04:15:42.183Z [undefined] : Debug Logger
2024-08-29T04:15:42.184Z [undefined] : Warn Logger
2024-08-29T04:15:42.186Z [undefined] : Info Logger
2024-08-29T04:16:45.877Z [undefined] : Oddiy Logger
2024-08-29T04:16:45.884Z [undefined] : Error Logger
2024-08-29T04:16:45.885Z [undefined] : Debug Logger
2024-08-29T04:16:45.885Z [undefined] : Warn Logger
2024-08-29T04:16:45.886Z [undefined] : Info Logger
2024-08-29T04:25:58.762Z [undefined] : Oddiy Logger
2024-08-29T04:25:58.768Z [undefined] : Error Logger
2024-08-29T04:25:58.769Z [undefined] : Debug Logger
2024-08-29T04:25:58.770Z [undefined] : Warn Logger
2024-08-29T04:25:58.771Z [undefined] : Info Logger
2024-08-29T04:26:01.665Z [undefined] : Oddiy Logger
2024-08-29T04:26:01.674Z [undefined] : Error Logger
2024-08-29T04:26:01.676Z [undefined] : Debug Logger
2024-08-29T04:26:01.677Z [undefined] : Warn Logger
2024-08-29T04:26:01.677Z [undefined] : Info Logger
2024-08-29T04:45:34.854Z [undefined] : Oddiy Logger
2024-08-29T04:45:34.859Z [undefined] : Error Logger
2024-08-29T04:45:34.859Z [undefined] : Debug Logger
2024-08-29T04:45:34.860Z [undefined] : Warn Logger
2024-08-29T04:45:34.860Z [undefined] : Info Logger
2024-08-29T04:48:50.896Z [undefined] : Oddiy Logger
2024-08-29T04:48:50.909Z [undefined] : Error Logger
2024-08-29T04:48:50.911Z [undefined] : Debug Logger
2024-08-29T04:48:50.912Z [undefined] : Warn Logger
2024-08-29T04:48:50.913Z [undefined] : Info Logger
2024-08-29T04:58:29.105Z [undefined] : Oddiy Logger
2024-08-29T04:58:29.116Z [undefined] : Error Logger
2024-08-29T04:58:29.117Z [undefined] : Debug Logger
2024-08-29T04:58:29.117Z [undefined] : Warn Logger
2024-08-29T04:58:29.118Z [undefined] : Info Logger
2024-08-29T05:02:23.597Z [undefined] : Oddiy Logger
2024-08-29T05:02:23.609Z [undefined] : Error Logger
2024-08-29T05:02:23.611Z [undefined] : Debug Logger
2024-08-29T05:02:23.612Z [undefined] : Warn Logger
2024-08-29T05:02:23.612Z [undefined] : Info Logger
2024-08-29T05:02:49.621Z [undefined] : Oddiy Logger
2024-08-29T05:02:49.633Z [undefined] : Error Logger
2024-08-29T05:02:49.635Z [undefined] : Debug Logger
2024-08-29T05:02:49.637Z [undefined] : Warn Logger
2024-08-29T05:02:49.637Z [undefined] : Info Logger
2024-08-29T05:03:20.321Z [undefined] : Oddiy Logger
2024-08-29T05:03:20.330Z [undefined] : Error Logger
2024-08-29T05:03:20.331Z [undefined] : Debug Logger
2024-08-29T05:03:20.332Z [undefined] : Warn Logger
2024-08-29T05:03:20.333Z [undefined] : Info Logger
2024-08-29T05:03:36.954Z [undefined] : Oddiy Logger
2024-08-29T05:03:36.966Z [undefined] : Error Logger
2024-08-29T05:03:36.967Z [undefined] : Debug Logger
2024-08-29T05:03:36.968Z [undefined] : Warn Logger
2024-08-29T05:03:36.969Z [undefined] : Info Logger
2024-08-29T05:05:23.760Z [undefined] : Oddiy Logger
2024-08-29T05:05:23.771Z [undefined] : Error Logger
2024-08-29T05:05:23.772Z [undefined] : Debug Logger
2024-08-29T05:05:23.773Z [undefined] : Warn Logger
2024-08-29T05:05:23.774Z [undefined] : Info Logger
2024-08-29T05:05:27.500Z [undefined] : Oddiy Logger
2024-08-29T05:05:27.508Z [undefined] : Error Logger
2024-08-29T05:05:27.510Z [undefined] : Debug Logger
2024-08-29T05:05:27.511Z [undefined] : Warn Logger
2024-08-29T05:05:27.512Z [undefined] : Info Logger
2024-08-29T05:05:44.450Z [undefined] : Oddiy Logger
2024-08-29T05:05:44.461Z [undefined] : Error Logger
2024-08-29T05:05:44.462Z [undefined] : Debug Logger
2024-08-29T05:05:44.462Z [undefined] : Warn Logger
2024-08-29T05:05:44.463Z [undefined] : Info Logger
2024-08-29T05:06:59.879Z [undefined] : Oddiy Logger
2024-08-29T05:06:59.893Z [undefined] : Error Logger
2024-08-29T05:06:59.894Z [undefined] : Debug Logger
2024-08-29T05:06:59.895Z [undefined] : Warn Logger
2024-08-29T05:06:59.896Z [undefined] : Info Logger
2024-08-29T05:07:25.875Z [undefined] : Oddiy Logger
2024-08-29T05:07:25.885Z [undefined] : Error Logger
2024-08-29T05:07:25.886Z [undefined] : Debug Logger
2024-08-29T05:07:25.886Z [undefined] : Warn Logger
2024-08-29T05:07:25.887Z [undefined] : Info Logger
2024-08-29T05:07:42.016Z [undefined] : Oddiy Logger
2024-08-29T05:07:42.022Z [undefined] : Error Logger
2024-08-29T05:07:42.023Z [undefined] : Debug Logger
2024-08-29T05:07:42.025Z [undefined] : Warn Logger
2024-08-29T05:07:42.026Z [undefined] : Info Logger
2024-08-29T05:07:53.465Z [undefined] : Oddiy Logger
2024-08-29T05:07:53.472Z [undefined] : Error Logger
2024-08-29T05:07:53.473Z [undefined] : Debug Logger
2024-08-29T05:07:53.475Z [undefined] : Warn Logger
2024-08-29T05:07:53.475Z [undefined] : Info Logger
2024-08-29T05:08:16.919Z [undefined] : Oddiy Logger
2024-08-29T05:08:16.932Z [undefined] : Error Logger
2024-08-29T05:08:16.933Z [undefined] : Debug Logger
2024-08-29T05:08:16.934Z [undefined] : Warn Logger
2024-08-29T05:08:16.935Z [undefined] : Info Logger
2024-08-29T05:08:27.865Z [undefined] : Oddiy Logger
2024-08-29T05:08:27.877Z [undefined] : Error Logger
2024-08-29T05:08:27.878Z [undefined] : Debug Logger
2024-08-29T05:08:27.878Z [undefined] : Warn Logger
2024-08-29T05:08:27.879Z [undefined] : Info Logger
2024-08-29T05:30:36.982Z [undefined] : Oddiy Logger
2024-08-29T05:30:36.990Z [undefined] : Error Logger
2024-08-29T05:30:36.990Z [undefined] : Debug Logger
2024-08-29T05:30:36.991Z [undefined] : Warn Logger
2024-08-29T05:30:36.991Z [undefined] : Info Logger
2024-08-29T05:30:39.220Z [undefined] : Oddiy Logger
2024-08-29T05:30:39.226Z [undefined] : Error Logger
2024-08-29T05:30:39.227Z [undefined] : Debug Logger
2024-08-29T05:30:39.228Z [undefined] : Warn Logger
2024-08-29T05:30:39.228Z [undefined] : Info Logger
2024-08-29T05:31:54.724Z [undefined] : Oddiy Logger
2024-08-29T05:31:54.730Z [undefined] : Error Logger
2024-08-29T05:31:54.730Z [undefined] : Debug Logger
2024-08-29T05:31:54.731Z [undefined] : Warn Logger
2024-08-29T05:31:54.731Z [undefined] : Info Logger
2024-08-29T05:55:16.336Z [undefined] : Oddiy Logger
2024-08-29T05:55:16.343Z [undefined] : Error Logger
2024-08-29T05:55:16.344Z [undefined] : Debug Logger
2024-08-29T05:55:16.345Z [undefined] : Warn Logger
2024-08-29T05:55:16.345Z [undefined] : Info Logger
2024-08-30T02:56:45.802Z [undefined] : Oddiy Logger
2024-08-30T02:56:45.813Z [undefined] : Error Logger
2024-08-30T02:56:45.814Z [undefined] : Debug Logger
2024-08-30T02:56:45.815Z [undefined] : Warn Logger
2024-08-30T02:56:45.816Z [undefined] : Info Logger
2024-08-30T02:56:49.596Z [undefined] : Oddiy Logger
2024-08-30T02:56:49.605Z [undefined] : Error Logger
2024-08-30T02:56:49.606Z [undefined] : Debug Logger
2024-08-30T02:56:49.607Z [undefined] : Warn Logger
2024-08-30T02:56:49.607Z [undefined] : Info Logger
2024-08-30T03:12:13.237Z [undefined] : Oddiy Logger
2024-08-30T03:12:13.246Z [undefined] : Error Logger
2024-08-30T03:12:13.247Z [undefined] : Debug Logger
2024-08-30T03:12:13.247Z [undefined] : Warn Logger
2024-08-30T03:12:13.248Z [undefined] : Info Logger
2024-08-30T03:12:15.250Z [undefined] : Oddiy Logger
2024-08-30T03:12:15.257Z [undefined] : Error Logger
2024-08-30T03:12:15.258Z [undefined] : Debug Logger
2024-08-30T03:12:15.259Z [undefined] : Warn Logger
2024-08-30T03:12:15.259Z [undefined] : Info Logger
2024-08-30T03:12:35.626Z [undefined] : Oddiy Logger
2024-08-30T03:12:35.631Z [undefined] : Error Logger
2024-08-30T03:12:35.632Z [undefined] : Debug Logger
2024-08-30T03:12:35.632Z [undefined] : Warn Logger
2024-08-30T03:12:35.632Z [undefined] : Info Logger
2024-08-30T03:15:40.335Z [undefined] : Oddiy Logger
2024-08-30T03:15:40.342Z [undefined] : Error Logger
2024-08-30T03:15:40.342Z [undefined] : Debug Logger
2024-08-30T03:15:40.343Z [undefined] : Warn Logger
2024-08-30T03:15:40.343Z [undefined] : Info Logger
2024-08-30T03:15:45.229Z [undefined] : Oddiy Logger
2024-08-30T03:15:45.235Z [undefined] : Error Logger
2024-08-30T03:15:45.236Z [undefined] : Debug Logger
2024-08-30T03:15:45.236Z [undefined] : Warn Logger
2024-08-30T03:15:45.237Z [undefined] : Info Logger
2024-08-30T03:15:47.579Z [undefined] : Oddiy Logger
2024-08-30T03:15:47.587Z [undefined] : Error Logger
2024-08-30T03:15:47.587Z [undefined] : Debug Logger
2024-08-30T03:15:47.588Z [undefined] : Warn Logger
2024-08-30T03:15:47.588Z [undefined] : Info Logger
2024-08-30T03:15:51.690Z [undefined] : Oddiy Logger
2024-08-30T03:15:51.695Z [undefined] : Error Logger
2024-08-30T03:15:51.695Z [undefined] : Debug Logger
2024-08-30T03:15:51.696Z [undefined] : Warn Logger
2024-08-30T03:15:51.696Z [undefined] : Info Logger
2024-08-30T03:15:55.757Z [undefined] : Oddiy Logger
2024-08-30T03:15:55.764Z [undefined] : Error Logger
2024-08-30T03:15:55.765Z [undefined] : Debug Logger
2024-08-30T03:15:55.766Z [undefined] : Warn Logger
2024-08-30T03:15:55.766Z [undefined] : Info Logger
2024-08-30T03:15:59.202Z [undefined] : Oddiy Logger
2024-08-30T03:15:59.211Z [undefined] : Error Logger
2024-08-30T03:15:59.212Z [undefined] : Debug Logger
2024-08-30T03:15:59.212Z [undefined] : Warn Logger
2024-08-30T03:15:59.213Z [undefined] : Info Logger
2024-08-30T03:16:06.787Z [undefined] : Oddiy Logger
2024-08-30T03:16:06.792Z [undefined] : Error Logger
2024-08-30T03:16:06.792Z [undefined] : Debug Logger
2024-08-30T03:16:06.793Z [undefined] : Warn Logger
2024-08-30T03:16:06.793Z [undefined] : Info Logger
2024-08-30T03:16:46.578Z [undefined] : Oddiy Logger
2024-08-30T03:16:46.583Z [undefined] : Error Logger
2024-08-30T03:16:46.584Z [undefined] : Debug Logger
2024-08-30T03:16:46.585Z [undefined] : Warn Logger
2024-08-30T03:16:46.585Z [undefined] : Info Logger
2024-08-30T03:16:50.728Z [undefined] : Oddiy Logger
2024-08-30T03:16:50.734Z [undefined] : Error Logger
2024-08-30T03:16:50.735Z [undefined] : Debug Logger
2024-08-30T03:16:50.735Z [undefined] : Warn Logger
2024-08-30T03:16:50.736Z [undefined] : Info Logger
2024-08-30T03:38:37.176Z [undefined] : Oddiy Logger
2024-08-30T03:38:37.180Z [undefined] : Error Logger
2024-08-30T03:38:37.181Z [undefined] : Debug Logger
2024-08-30T03:38:37.181Z [undefined] : Warn Logger
2024-08-30T03:38:37.181Z [undefined] : Info Logger
2024-08-30T03:38:39.037Z [undefined] : Oddiy Logger
2024-08-30T03:38:39.043Z [undefined] : Error Logger
2024-08-30T03:38:39.043Z [undefined] : Debug Logger
2024-08-30T03:38:39.044Z [undefined] : Warn Logger
2024-08-30T03:38:39.044Z [undefined] : Info Logger
2024-08-30T03:39:39.647Z [undefined] : Oddiy Logger
2024-08-30T03:39:39.651Z [undefined] : Error Logger
2024-08-30T03:39:39.651Z [undefined] : Debug Logger
2024-08-30T03:39:39.652Z [undefined] : Warn Logger
2024-08-30T03:39:39.652Z [undefined] : Info Logger
2024-08-30T03:55:39.813Z [undefined] : Oddiy Logger
2024-08-30T03:55:39.818Z [undefined] : Error Logger
2024-08-30T03:55:39.818Z [undefined] : Debug Logger
2024-08-30T03:55:39.819Z [undefined] : Warn Logger
2024-08-30T03:55:39.819Z [undefined] : Info Logger
2024-08-30T04:02:47.793Z [undefined] : Oddiy Logger
2024-08-30T04:02:47.799Z [undefined] : Error Logger
2024-08-30T04:02:47.800Z [undefined] : Debug Logger
2024-08-30T04:02:47.801Z [undefined] : Warn Logger
2024-08-30T04:02:47.801Z [undefined] : Info Logger
2024-08-30T04:02:49.946Z [undefined] : Oddiy Logger
2024-08-30T04:02:49.953Z [undefined] : Error Logger
2024-08-30T04:02:49.954Z [undefined] : Debug Logger
2024-08-30T04:02:49.954Z [undefined] : Warn Logger
2024-08-30T04:02:49.954Z [undefined] : Info Logger
2024-08-30T04:15:11.009Z [undefined] : Oddiy Logger
2024-08-30T04:15:11.014Z [undefined] : Error Logger
2024-08-30T04:15:11.015Z [undefined] : Debug Logger
2024-08-30T04:15:11.015Z [undefined] : Warn Logger
2024-08-30T04:15:11.016Z [undefined] : Info Logger
2024-08-30T04:15:40.871Z [undefined] : Oddiy Logger
2024-08-30T04:15:40.875Z [undefined] : Error Logger
2024-08-30T04:15:40.876Z [undefined] : Debug Logger
2024-08-30T04:15:40.876Z [undefined] : Warn Logger
2024-08-30T04:15:40.877Z [undefined] : Info Logger
2024-08-30T04:16:06.474Z [undefined] : Oddiy Logger
2024-08-30T04:16:06.480Z [undefined] : Error Logger
2024-08-30T04:16:06.481Z [undefined] : Debug Logger
2024-08-30T04:16:06.481Z [undefined] : Warn Logger
2024-08-30T04:16:06.482Z [undefined] : Info Logger
2024-08-30T04:16:09.703Z [undefined] : Oddiy Logger
2024-08-30T04:16:09.708Z [undefined] : Error Logger
2024-08-30T04:16:09.709Z [undefined] : Debug Logger
2024-08-30T04:16:09.709Z [undefined] : Warn Logger
2024-08-30T04:16:09.709Z [undefined] : Info Logger
2024-08-30T04:16:30.701Z [undefined] : Oddiy Logger
2024-08-30T04:16:30.706Z [undefined] : Error Logger
2024-08-30T04:16:30.706Z [undefined] : Debug Logger
2024-08-30T04:16:30.707Z [undefined] : Warn Logger
2024-08-30T04:16:30.707Z [undefined] : Info Logger
2024-08-30T04:16:38.782Z [undefined] : Oddiy Logger
2024-08-30T04:16:38.787Z [undefined] : Error Logger
2024-08-30T04:16:38.787Z [undefined] : Debug Logger
2024-08-30T04:16:38.788Z [undefined] : Warn Logger
2024-08-30T04:16:38.788Z [undefined] : Info Logger
2024-08-30T04:17:48.240Z [undefined] : Oddiy Logger
2024-08-30T04:17:48.245Z [undefined] : Error Logger
2024-08-30T04:17:48.246Z [undefined] : Debug Logger
2024-08-30T04:17:48.247Z [undefined] : Warn Logger
2024-08-30T04:17:48.247Z [undefined] : Info Logger
2024-08-30T04:18:55.354Z [undefined] : Oddiy Logger
2024-08-30T04:18:55.359Z [undefined] : Error Logger
2024-08-30T04:18:55.360Z [undefined] : Debug Logger
2024-08-30T04:18:55.360Z [undefined] : Warn Logger
2024-08-30T04:18:55.360Z [undefined] : Info Logger
2024-08-30T04:20:07.366Z [undefined] : Oddiy Logger
2024-08-30T04:20:07.371Z [undefined] : Error Logger
2024-08-30T04:20:07.371Z [undefined] : Debug Logger
2024-08-30T04:20:07.372Z [undefined] : Warn Logger
2024-08-30T04:20:07.372Z [undefined] : Info Logger
2024-08-30T04:20:41.554Z [undefined] : Oddiy Logger
2024-08-30T04:20:41.558Z [undefined] : Error Logger
2024-08-30T04:20:41.560Z [undefined] : Debug Logger
2024-08-30T04:20:41.560Z [undefined] : Warn Logger
2024-08-30T04:20:41.561Z [undefined] : Info Logger
2024-08-30T04:21:25.785Z [undefined] : Oddiy Logger
2024-08-30T04:21:25.790Z [undefined] : Error Logger
2024-08-30T04:21:25.791Z [undefined] : Debug Logger
2024-08-30T04:21:25.791Z [undefined] : Warn Logger
2024-08-30T04:21:25.791Z [undefined] : Info Logger
2024-08-30T04:25:31.360Z [undefined] : Oddiy Logger
2024-08-30T04:25:31.364Z [undefined] : Error Logger
2024-08-30T04:25:31.365Z [undefined] : Debug Logger
2024-08-30T04:25:31.365Z [undefined] : Warn Logger
2024-08-30T04:25:31.366Z [undefined] : Info Logger
2024-08-30T04:25:35.425Z [undefined] : Oddiy Logger
2024-08-30T04:25:35.430Z [undefined] : Error Logger
2024-08-30T04:25:35.430Z [undefined] : Debug Logger
2024-08-30T04:25:35.431Z [undefined] : Warn Logger
2024-08-30T04:25:35.431Z [undefined] : Info Logger
2024-08-30T04:26:10.555Z [undefined] : Oddiy Logger
2024-08-30T04:26:10.560Z [undefined] : Error Logger
2024-08-30T04:26:10.560Z [undefined] : Debug Logger
2024-08-30T04:26:10.561Z [undefined] : Warn Logger
2024-08-30T04:26:10.561Z [undefined] : Info Logger
2024-08-30T04:26:19.151Z [undefined] : Oddiy Logger
2024-08-30T04:26:19.155Z [undefined] : Error Logger
2024-08-30T04:26:19.156Z [undefined] : Debug Logger
2024-08-30T04:26:19.156Z [undefined] : Warn Logger
2024-08-30T04:26:19.157Z [undefined] : Info Logger
2024-08-30T04:26:26.343Z [undefined] : Oddiy Logger
2024-08-30T04:26:26.349Z [undefined] : Error Logger
2024-08-30T04:26:26.349Z [undefined] : Debug Logger
2024-08-30T04:26:26.350Z [undefined] : Warn Logger
2024-08-30T04:26:26.350Z [undefined] : Info Logger
2024-08-30T04:26:36.840Z [undefined] : Oddiy Logger
2024-08-30T04:26:36.845Z [undefined] : Error Logger
2024-08-30T04:26:36.845Z [undefined] : Debug Logger
2024-08-30T04:26:36.846Z [undefined] : Warn Logger
2024-08-30T04:26:36.846Z [undefined] : Info Logger
2024-08-30T04:26:42.562Z [undefined] : Oddiy Logger
2024-08-30T04:26:42.569Z [undefined] : Error Logger
2024-08-30T04:26:42.570Z [undefined] : Debug Logger
2024-08-30T04:26:42.570Z [undefined] : Warn Logger
2024-08-30T04:26:42.570Z [undefined] : Info Logger
2024-08-30T04:26:46.040Z [undefined] : Oddiy Logger
2024-08-30T04:26:46.045Z [undefined] : Error Logger
2024-08-30T04:26:46.046Z [undefined] : Debug Logger
2024-08-30T04:26:46.047Z [undefined] : Warn Logger
2024-08-30T04:26:46.047Z [undefined] : Info Logger
2024-08-30T04:26:59.490Z [undefined] : Oddiy Logger
2024-08-30T04:26:59.496Z [undefined] : Error Logger
2024-08-30T04:26:59.497Z [undefined] : Debug Logger
2024-08-30T04:26:59.497Z [undefined] : Warn Logger
2024-08-30T04:26:59.498Z [undefined] : Info Logger
2024-08-30T04:27:22.186Z [undefined] : Oddiy Logger
2024-08-30T04:27:22.191Z [undefined] : Error Logger
2024-08-30T04:27:22.192Z [undefined] : Debug Logger
2024-08-30T04:27:22.192Z [undefined] : Warn Logger
2024-08-30T04:27:22.192Z [undefined] : Info Logger
2024-08-30T04:27:26.546Z [undefined] : Oddiy Logger
2024-08-30T04:27:26.551Z [undefined] : Error Logger
2024-08-30T04:27:26.551Z [undefined] : Debug Logger
2024-08-30T04:27:26.551Z [undefined] : Warn Logger
2024-08-30T04:27:26.552Z [undefined] : Info Logger
2024-08-30T04:27:54.374Z [undefined] : Oddiy Logger
2024-08-30T04:27:54.379Z [undefined] : Error Logger
2024-08-30T04:27:54.379Z [undefined] : Debug Logger
2024-08-30T04:27:54.380Z [undefined] : Warn Logger
2024-08-30T04:27:54.380Z [undefined] : Info Logger
2024-08-30T04:28:02.445Z [undefined] : Oddiy Logger
2024-08-30T04:28:02.449Z [undefined] : Error Logger
2024-08-30T04:28:02.450Z [undefined] : Debug Logger
2024-08-30T04:28:02.451Z [undefined] : Warn Logger
2024-08-30T04:28:02.451Z [undefined] : Info Logger
2024-08-30T04:28:07.908Z [undefined] : Oddiy Logger
2024-08-30T04:28:07.913Z [undefined] : Error Logger
2024-08-30T04:28:07.913Z [undefined] : Debug Logger
2024-08-30T04:28:07.914Z [undefined] : Warn Logger
2024-08-30T04:28:07.914Z [undefined] : Info Logger
2024-08-30T04:28:13.597Z [undefined] : Oddiy Logger
2024-08-30T04:28:13.602Z [undefined] : Error Logger
2024-08-30T04:28:13.602Z [undefined] : Debug Logger
2024-08-30T04:28:13.602Z [undefined] : Warn Logger
2024-08-30T04:28:13.603Z [undefined] : Info Logger
2024-08-30T04:28:18.512Z [undefined] : Oddiy Logger
2024-08-30T04:28:18.519Z [undefined] : Error Logger
2024-08-30T04:28:18.520Z [undefined] : Debug Logger
2024-08-30T04:28:18.520Z [undefined] : Warn Logger
2024-08-30T04:28:18.521Z [undefined] : Info Logger
2024-08-30T05:12:20.661Z [undefined] : unhandledRejection: unhandledRejection example
Error: unhandledRejection example
    at res.send.message (C:\Users\Asus\OneDrive\Рабочий стол\itinfo\controllers\author.controller.js:50:14)
    at new Promise (<anonymous>)
    at authorLogin (C:\Users\Asus\OneDrive\Рабочий стол\itinfo\controllers\author.controller.js:49:5)
    at process.processTicksAndRejections (node:internal/process/task_queues:95:5)
2024-08-30T05:15:49.236Z [undefined] : unhandledRejection: unhandledRejection example
Error: unhandledRejection example
    at res.send.message (C:\Users\Asus\OneDrive\Рабочий стол\itinfo\controllers\author.controller.js:50:14)
    at new Promise (<anonymous>)
    at authorLogin (C:\Users\Asus\OneDrive\Рабочий стол\itinfo\controllers\author.controller.js:49:5)
    at process.processTicksAndRejections (node:internal/process/task_queues:95:5)
2024-08-30T05:19:27.574Z [undefined] : unhandledRejection: unhandledRejection example
Error: unhandledRejection example
    at res.send.message (C:\Users\Asus\OneDrive\Рабочий стол\itinfo\controllers\author.controller.js:50:14)
    at new Promise (<anonymous>)
    at authorLogin (C:\Users\Asus\OneDrive\Рабочий стол\itinfo\controllers\author.controller.js:49:5)
    at process.processTicksAndRejections (node:internal/process/task_queues:95:5)
2024-08-30T05:44:09.199Z [undefined] : email is not defined
2024-08-30T05:46:35.230Z [undefined] : email is not defined
2024-08-30T10:00:45.787Z [undefined] : unhandledRejection: unhandledRejection example
Error: unhandledRejection example
    at res.send.message (C:\Users\Asus\OneDrive\Рабочий стол\itinfo\controllers\author.controller.js:50:14)
    at new Promise (<anonymous>)
    at authorLogin (C:\Users\Asus\OneDrive\Рабочий стол\itinfo\controllers\author.controller.js:49:5)
    at process.processTicksAndRejections (node:internal/process/task_queues:95:5)
2024-08-30T10:06:49.268Z [undefined] : unhandledRejection: unhandledRejection example
Error: unhandledRejection example
    at res.send.message (C:\Users\Asus\OneDrive\Рабочий стол\itinfo\controllers\author.controller.js:50:14)
    at new Promise (<anonymous>)
    at authorLogin (C:\Users\Asus\OneDrive\Рабочий стол\itinfo\controllers\author.controller.js:49:5)
    at process.processTicksAndRejections (node:internal/process/task_queues:95:5)
